<?xml version="1.0" encoding="UTF-8"?>
<test>
    <properties>
        <property name="test">test_value</property>
        <property name="test2">test_value2</property>
    </properties>
    
    <description>test description</description>
    
    <test-default>
</test>
